

***********************************************************************
Fatal NI connect error 12560, connecting to:
 (DESCRIPTION=(ADDRESS=(PROTOCOL=TCP)(HOST=192.168.8.93)(PORT=1521))(CONNECT_DATA=(SERVICE_NAME=orcl)(CID=(PROGRAM=E:\哈尔滨\WCS\WCS\bin\Debug\WCS.vshost.exe)(HOST=SZRCD-NSSG)(USER=ThinkPad))))

  VERSION INFORMATION:
	TNS for 32-bit Windows: Version 10.1.0.2.0 - Production
	Windows NT TCP/IP NT Protocol Adapter for 32-bit Windows: Version 10.1.0.2.0 - Production
  Time: 06-6月 -2012 09:54:13
  Tracing not turned on.
  Tns error struct:
    ns main err code: 12560
    TNS-12560: TNS: 协议适配器错误
    ns secondary err code: 0
    nt main err code: 538
    TNS-00538: Message 538 not found;  product=NETWORK; facility=TNS

    nt secondary err code: 65
    nt OS err code: 0


***********************************************************************
Fatal NI connect error 12170.

  VERSION INFORMATION:
	TNS for 32-bit Windows: Version 10.1.0.2.0 - Production
	Windows NT TCP/IP NT Protocol Adapter for 32-bit Windows: Version 10.1.0.2.0 - Production
  Time: 08-6月 -2012 09:05:03
  Tracing not turned on.
  Tns error struct:
    ns main err code: 12535
    TNS-12535: TNS: 操作超时
    ns secondary err code: 12560
    nt main err code: 505
    TNS-00505: 操作超时
    nt secondary err code: 60
    nt OS err code: 0
  Client address: <unknown>


***********************************************************************
Fatal NI connect error 12170.

  VERSION INFORMATION:
	TNS for 32-bit Windows: Version 10.1.0.2.0 - Production
	Windows NT TCP/IP NT Protocol Adapter for 32-bit Windows: Version 10.1.0.2.0 - Production
  Time: 08-6月 -2012 11:01:06
  Tracing not turned on.
  Tns error struct:
    ns main err code: 12535
    TNS-12535: TNS: 操作超时
    ns secondary err code: 12560
    nt main err code: 505
    TNS-00505: 操作超时
    nt secondary err code: 60
    nt OS err code: 0
  Client address: <unknown>


***********************************************************************
Fatal NI connect error 12170.

  VERSION INFORMATION:
	TNS for 32-bit Windows: Version 10.1.0.2.0 - Production
	Windows NT TCP/IP NT Protocol Adapter for 32-bit Windows: Version 10.1.0.2.0 - Production
  Time: 14-6月 -2012 13:57:46
  Tracing not turned on.
  Tns error struct:
    ns main err code: 12535
    TNS-12535: TNS: 操作超时
    ns secondary err code: 12560
    nt main err code: 505
    TNS-00505: 操作超时
    nt secondary err code: 60
    nt OS err code: 0
  Client address: <unknown>


***********************************************************************
Fatal NI connect error 12560, connecting to:
 (DESCRIPTION=(ADDRESS=(PROTOCOL=TCP)(HOST=192.168.8.93)(PORT=1521))(CONNECT_DATA=(SERVICE_NAME=orcl)(CID=(PROGRAM=E:\哈尔滨\WCS\WCS\bin\Debug\WCS.vshost.exe)(HOST=SZRCD-NSSG)(USER=ThinkPad))))

  VERSION INFORMATION:
	TNS for 32-bit Windows: Version 10.1.0.2.0 - Production
	Windows NT TCP/IP NT Protocol Adapter for 32-bit Windows: Version 10.1.0.2.0 - Production
  Time: 14-6月 -2012 14:19:34
  Tracing not turned on.
  Tns error struct:
    ns main err code: 12560
    TNS-12560: TNS: 协议适配器错误
    ns secondary err code: 0
    nt main err code: 538
    TNS-00538: Message 538 not found;  product=NETWORK; facility=TNS

    nt secondary err code: 65
    nt OS err code: 0


***********************************************************************
Fatal NI connect error 12170.

  VERSION INFORMATION:
	TNS for 32-bit Windows: Version 10.1.0.2.0 - Production
	Windows NT TCP/IP NT Protocol Adapter for 32-bit Windows: Version 10.1.0.2.0 - Production
  Time: 28-6月 -2012 16:13:44
  Tracing not turned on.
  Tns error struct:
    ns main err code: 12535
    TNS-12535: TNS: 操作超时
    ns secondary err code: 12560
    nt main err code: 505
    TNS-00505: 操作超时
    nt secondary err code: 60
    nt OS err code: 0
  Client address: <unknown>


***********************************************************************
Fatal NI connect error 12560, connecting to:
 (DESCRIPTION=(ADDRESS=(PROTOCOL=TCP)(HOST=192.168.8.93)(PORT=1521))(CONNECT_DATA=(SERVICE_NAME=orcl)(CID=(PROGRAM=E:\哈尔滨\WCS\WCS\bin\Debug\WCS.vshost.exe)(HOST=SZRCD-NSSG)(USER=ThinkPad))))

  VERSION INFORMATION:
	TNS for 32-bit Windows: Version 10.1.0.2.0 - Production
	Windows NT TCP/IP NT Protocol Adapter for 32-bit Windows: Version 10.1.0.2.0 - Production
  Time: 29-6月 -2012 14:01:32
  Tracing not turned on.
  Tns error struct:
    ns main err code: 12560
    TNS-12560: TNS: 协议适配器错误
    ns secondary err code: 0
    nt main err code: 530
    TNS-00530: 协议适配器错误
    nt secondary err code: 53
    nt OS err code: 0


***********************************************************************
Fatal NI connect error 12560, connecting to:
 (DESCRIPTION=(ADDRESS=(PROTOCOL=TCP)(HOST=192.168.8.93)(PORT=1521))(CONNECT_DATA=(SERVICE_NAME=orcl)(CID=(PROGRAM=E:\哈尔滨\WCS\WCS\bin\Debug\WCS.vshost.exe)(HOST=SZRCD-NSSG)(USER=ThinkPad))))

  VERSION INFORMATION:
	TNS for 32-bit Windows: Version 10.1.0.2.0 - Production
	Windows NT TCP/IP NT Protocol Adapter for 32-bit Windows: Version 10.1.0.2.0 - Production
  Time: 29-6月 -2012 14:01:43
  Tracing not turned on.
  Tns error struct:
    ns main err code: 12560
    TNS-12560: TNS: 协议适配器错误
    ns secondary err code: 0
    nt main err code: 538
    TNS-00538: Message 538 not found;  product=NETWORK; facility=TNS

    nt secondary err code: 65
    nt OS err code: 0


***********************************************************************
Fatal NI connect error 12560, connecting to:
 (DESCRIPTION=(ADDRESS=(PROTOCOL=TCP)(HOST=192.168.8.93)(PORT=1521))(CONNECT_DATA=(SERVICE_NAME=orcl)(CID=(PROGRAM=E:\哈尔滨\WCS\WCS\bin\Debug\WCS.vshost.exe)(HOST=SZRCD-NSSG)(USER=ThinkPad))))

  VERSION INFORMATION:
	TNS for 32-bit Windows: Version 10.1.0.2.0 - Production
	Windows NT TCP/IP NT Protocol Adapter for 32-bit Windows: Version 10.1.0.2.0 - Production
  Time: 29-6月 -2012 14:01:53
  Tracing not turned on.
  Tns error struct:
    ns main err code: 12560
    TNS-12560: TNS: 协议适配器错误
    ns secondary err code: 0
    nt main err code: 538
    TNS-00538: Message 538 not found;  product=NETWORK; facility=TNS

    nt secondary err code: 65
    nt OS err code: 0


***********************************************************************
Fatal NI connect error 12170.

  VERSION INFORMATION:
	TNS for 32-bit Windows: Version 10.1.0.2.0 - Production
	Windows NT TCP/IP NT Protocol Adapter for 32-bit Windows: Version 10.1.0.2.0 - Production
  Time: 05-7月 -2012 09:53:29
  Tracing not turned on.
  Tns error struct:
    ns main err code: 12535
    TNS-12535: TNS: 操作超时
    ns secondary err code: 12560
    nt main err code: 505
    TNS-00505: 操作超时
    nt secondary err code: 60
    nt OS err code: 0
  Client address: <unknown>


***********************************************************************
Fatal NI connect error 12541, connecting to:
 (DESCRIPTION=(ADDRESS=(PROTOCOL=TCP)(HOST=192.168.8.93)(PORT=1521))(CONNECT_DATA=(SERVICE_NAME=ORCL)(CID=(PROGRAM=E:\哈尔滨\WCS\WCS\bin\Debug\WCS.vshost.exe)(HOST=SZRCD-NSSG)(USER=ThinkPad))))

  VERSION INFORMATION:
	TNS for 32-bit Windows: Version 10.1.0.2.0 - Production
	Windows NT TCP/IP NT Protocol Adapter for 32-bit Windows: Version 10.1.0.2.0 - Production
  Time: 05-7月 -2012 09:53:37
  Tracing not turned on.
  Tns error struct:
    ns main err code: 12541
    TNS-12541: TNS: 无监听程序
    ns secondary err code: 12560
    nt main err code: 511
    TNS-00511: 无监听程序
    nt secondary err code: 61
    nt OS err code: 0


***********************************************************************
Fatal NI connect error 12170.

  VERSION INFORMATION:
	TNS for 32-bit Windows: Version 10.1.0.2.0 - Production
	Windows NT TCP/IP NT Protocol Adapter for 32-bit Windows: Version 10.1.0.2.0 - Production
  Time: 11-7月 -2012 11:12:46
  Tracing not turned on.
  Tns error struct:
    ns main err code: 12535
    TNS-12535: TNS: 操作超时
    ns secondary err code: 12560
    nt main err code: 505
    TNS-00505: 操作超时
    nt secondary err code: 60
    nt OS err code: 0
  Client address: <unknown>


***********************************************************************
Fatal NI connect error 12170.

  VERSION INFORMATION:
	TNS for 32-bit Windows: Version 10.1.0.2.0 - Production
	Windows NT TCP/IP NT Protocol Adapter for 32-bit Windows: Version 10.1.0.2.0 - Production
  Time: 12-7月 -2012 13:55:27
  Tracing not turned on.
  Tns error struct:
    ns main err code: 12535
    TNS-12535: TNS: 操作超时
    ns secondary err code: 12560
    nt main err code: 505
    TNS-00505: 操作超时
    nt secondary err code: 60
    nt OS err code: 0
  Client address: <unknown>


***********************************************************************
Fatal NI connect error 12170.

  VERSION INFORMATION:
	TNS for 32-bit Windows: Version 10.1.0.2.0 - Production
	Windows NT TCP/IP NT Protocol Adapter for 32-bit Windows: Version 10.1.0.2.0 - Production
  Time: 06-8月 -2012 15:27:48
  Tracing not turned on.
  Tns error struct:
    ns main err code: 12535
    TNS-12535: TNS: 操作超时
    ns secondary err code: 12560
    nt main err code: 505
    TNS-00505: 操作超时
    nt secondary err code: 60
    nt OS err code: 0
  Client address: <unknown>


***********************************************************************
Fatal NI connect error 12560, connecting to:
 (DESCRIPTION=(ADDRESS=(PROTOCOL=TCP)(HOST=192.168.8.17)(PORT=1521))(CONNECT_DATA=(SERVICE_NAME=orcl.168.8.17)(CID=(PROGRAM=E:\哈尔滨\WCS20120727\WCS\bin\Debug\WCS.vshost.exe)(HOST=SZRCD-NSSG)(USER=ThinkPad))))

  VERSION INFORMATION:
	TNS for 32-bit Windows: Version 10.1.0.2.0 - Production
	Windows NT TCP/IP NT Protocol Adapter for 32-bit Windows: Version 10.1.0.2.0 - Production
  Time: 08-8月 -2012 09:50:08
  Tracing not turned on.
  Tns error struct:
    ns main err code: 12560
    TNS-12560: TNS: 协议适配器错误
    ns secondary err code: 0
    nt main err code: 530
    TNS-00530: 协议适配器错误
    nt secondary err code: 53
    nt OS err code: 0


***********************************************************************
Fatal NI connect error 12170.

  VERSION INFORMATION:
	TNS for 32-bit Windows: Version 10.1.0.2.0 - Production
	Windows NT TCP/IP NT Protocol Adapter for 32-bit Windows: Version 10.1.0.2.0 - Production
  Time: 28-8月 -2012 10:39:04
  Tracing not turned on.
  Tns error struct:
    ns main err code: 12535
    TNS-12535: TNS: 操作超时
    ns secondary err code: 12560
    nt main err code: 505
    TNS-00505: 操作超时
    nt secondary err code: 60
    nt OS err code: 0
  Client address: <unknown>


***********************************************************************
Fatal NI connect error 12170.

  VERSION INFORMATION:
	TNS for 32-bit Windows: Version 10.1.0.2.0 - Production
	Windows NT TCP/IP NT Protocol Adapter for 32-bit Windows: Version 10.1.0.2.0 - Production
  Time: 19-9月 -2012 10:48:48
  Tracing not turned on.
  Tns error struct:
    ns main err code: 12535
    TNS-12535: TNS: 操作超时
    ns secondary err code: 12560
    nt main err code: 505
    TNS-00505: 操作超时
    nt secondary err code: 60
    nt OS err code: 0
  Client address: <unknown>


***********************************************************************
Fatal NI connect error 12170.

  VERSION INFORMATION:
	TNS for 32-bit Windows: Version 10.1.0.2.0 - Production
	Windows NT TCP/IP NT Protocol Adapter for 32-bit Windows: Version 10.1.0.2.0 - Production
  Time: 19-9月 -2012 10:50:01
  Tracing not turned on.
  Tns error struct:
    ns main err code: 12535
    TNS-12535: TNS: 操作超时
    ns secondary err code: 12560
    nt main err code: 505
    TNS-00505: 操作超时
    nt secondary err code: 60
    nt OS err code: 0
  Client address: <unknown>


***********************************************************************
Fatal NI connect error 12170.

  VERSION INFORMATION:
	TNS for 32-bit Windows: Version 10.1.0.2.0 - Production
	Windows NT TCP/IP NT Protocol Adapter for 32-bit Windows: Version 10.1.0.2.0 - Production
  Time: 19-9月 -2012 10:50:33
  Tracing not turned on.
  Tns error struct:
    ns main err code: 12535
    TNS-12535: TNS: 操作超时
    ns secondary err code: 12560
    nt main err code: 505
    TNS-00505: 操作超时
    nt secondary err code: 60
    nt OS err code: 0
  Client address: <unknown>


***********************************************************************
Fatal NI connect error 12170.

  VERSION INFORMATION:
	TNS for 32-bit Windows: Version 10.1.0.2.0 - Production
	Windows NT TCP/IP NT Protocol Adapter for 32-bit Windows: Version 10.1.0.2.0 - Production
  Time: 19-9月 -2012 10:51:18
  Tracing not turned on.
  Tns error struct:
    ns main err code: 12535
    TNS-12535: TNS: 操作超时
    ns secondary err code: 12560
    nt main err code: 505
    TNS-00505: 操作超时
    nt secondary err code: 60
    nt OS err code: 0
  Client address: <unknown>


***********************************************************************
Fatal NI connect error 12170.

  VERSION INFORMATION:
	TNS for 32-bit Windows: Version 10.1.0.2.0 - Production
	Windows NT TCP/IP NT Protocol Adapter for 32-bit Windows: Version 10.1.0.2.0 - Production
  Time: 19-9月 -2012 11:44:20
  Tracing not turned on.
  Tns error struct:
    ns main err code: 12535
    TNS-12535: TNS: 操作超时
    ns secondary err code: 12560
    nt main err code: 505
    TNS-00505: 操作超时
    nt secondary err code: 60
    nt OS err code: 0
  Client address: <unknown>


***********************************************************************
Fatal NI connect error 12170.

  VERSION INFORMATION:
	TNS for 32-bit Windows: Version 10.1.0.2.0 - Production
	Windows NT TCP/IP NT Protocol Adapter for 32-bit Windows: Version 10.1.0.2.0 - Production
  Time: 19-9月 -2012 11:46:22
  Tracing not turned on.
  Tns error struct:
    ns main err code: 12535
    TNS-12535: TNS: 操作超时
    ns secondary err code: 12560
    nt main err code: 505
    TNS-00505: 操作超时
    nt secondary err code: 60
    nt OS err code: 0
  Client address: <unknown>


***********************************************************************
Fatal NI connect error 12170.

  VERSION INFORMATION:
	TNS for 32-bit Windows: Version 10.1.0.2.0 - Production
	Windows NT TCP/IP NT Protocol Adapter for 32-bit Windows: Version 10.1.0.2.0 - Production
  Time: 20-9月 -2012 10:55:49
  Tracing not turned on.
  Tns error struct:
    ns main err code: 12535
    TNS-12535: TNS: 操作超时
    ns secondary err code: 12560
    nt main err code: 505
    TNS-00505: 操作超时
    nt secondary err code: 60
    nt OS err code: 0
  Client address: <unknown>


***********************************************************************
Fatal NI connect error 12170.

  VERSION INFORMATION:
	TNS for 32-bit Windows: Version 10.1.0.2.0 - Production
	Windows NT TCP/IP NT Protocol Adapter for 32-bit Windows: Version 10.1.0.2.0 - Production
  Time: 20-9月 -2012 13:56:13
  Tracing not turned on.
  Tns error struct:
    ns main err code: 12535
    TNS-12535: TNS: 操作超时
    ns secondary err code: 12560
    nt main err code: 505
    TNS-00505: 操作超时
    nt secondary err code: 60
    nt OS err code: 0
  Client address: <unknown>


***********************************************************************
Fatal NI connect error 12170.

  VERSION INFORMATION:
	TNS for 32-bit Windows: Version 10.1.0.2.0 - Production
	Windows NT TCP/IP NT Protocol Adapter for 32-bit Windows: Version 10.1.0.2.0 - Production
  Time: 20-9月 -2012 13:57:04
  Tracing not turned on.
  Tns error struct:
    ns main err code: 12535
    TNS-12535: TNS: 操作超时
    ns secondary err code: 12560
    nt main err code: 505
    TNS-00505: 操作超时
    nt secondary err code: 60
    nt OS err code: 0
  Client address: <unknown>
